  TargaImage.cpp
C:\Users\lucky\OneDrive\桌面\Univeritty\Junior_First\IntorduceToComputerGraphics\Project01\Project01_Image_Editing\ImageEditing-master\src\TargaImage.cpp(221,23): warning C4244: '=': 將 'double' 轉換為 'unsigned char'，由於類型不同，可能導致資料遺失
C:\Users\lucky\OneDrive\桌面\Univeritty\Junior_First\IntorduceToComputerGraphics\Project01\Project01_Image_Editing\ImageEditing-master\src\TargaImage.cpp(222,27): warning C4244: '=': 將 'double' 轉換為 'unsigned char'，由於類型不同，可能導致資料遺失
C:\Users\lucky\OneDrive\桌面\Univeritty\Junior_First\IntorduceToComputerGraphics\Project01\Project01_Image_Editing\ImageEditing-master\src\TargaImage.cpp(223,27): warning C4244: '=': 將 'double' 轉換為 'unsigned char'，由於類型不同，可能導致資料遺失
C:\Users\lucky\OneDrive\桌面\Univeritty\Junior_First\IntorduceToComputerGraphics\Project01\Project01_Image_Editing\ImageEditing-master\src\TargaImage.cpp(307,44): warning C4267: '正在初始化': 將 'size_t' 轉換為 'int'，資料可能遺失
C:\Users\lucky\OneDrive\桌面\Univeritty\Junior_First\IntorduceToComputerGraphics\Project01\Project01_Image_Editing\ImageEditing-master\src\TargaImage.cpp(390,15): warning C4244: '引數': 將 'time_t' 轉換為 'unsigned int'，由於類型不同，可能導致資料遺失
C:\Users\lucky\OneDrive\桌面\Univeritty\Junior_First\IntorduceToComputerGraphics\Project01\Project01_Image_Editing\ImageEditing-master\src\TargaImage.cpp(473,39): warning C4244: '=': 將 'double' 轉換為 'unsigned char'，由於類型不同，可能導致資料遺失
C:\Users\lucky\OneDrive\桌面\Univeritty\Junior_First\IntorduceToComputerGraphics\Project01\Project01_Image_Editing\ImageEditing-master\src\TargaImage.cpp(474,43): warning C4244: '=': 將 'double' 轉換為 'unsigned char'，由於類型不同，可能導致資料遺失
C:\Users\lucky\OneDrive\桌面\Univeritty\Junior_First\IntorduceToComputerGraphics\Project01\Project01_Image_Editing\ImageEditing-master\src\TargaImage.cpp(475,43): warning C4244: '=': 將 'double' 轉換為 'unsigned char'，由於類型不同，可能導致資料遺失
C:\Users\lucky\OneDrive\桌面\Univeritty\Junior_First\IntorduceToComputerGraphics\Project01\Project01_Image_Editing\ImageEditing-master\src\TargaImage.cpp(517,39): warning C4244: '=': 將 'double' 轉換為 'unsigned char'，由於類型不同，可能導致資料遺失
C:\Users\lucky\OneDrive\桌面\Univeritty\Junior_First\IntorduceToComputerGraphics\Project01\Project01_Image_Editing\ImageEditing-master\src\TargaImage.cpp(518,43): warning C4244: '=': 將 'double' 轉換為 'unsigned char'，由於類型不同，可能導致資料遺失
C:\Users\lucky\OneDrive\桌面\Univeritty\Junior_First\IntorduceToComputerGraphics\Project01\Project01_Image_Editing\ImageEditing-master\src\TargaImage.cpp(519,43): warning C4244: '=': 將 'double' 轉換為 'unsigned char'，由於類型不同，可能導致資料遺失
C:\Users\lucky\OneDrive\桌面\Univeritty\Junior_First\IntorduceToComputerGraphics\Project01\Project01_Image_Editing\ImageEditing-master\src\TargaImage.cpp(450,16): warning C4101: 'oldVal': 未參考的區域變數
C:\Users\lucky\OneDrive\桌面\Univeritty\Junior_First\IntorduceToComputerGraphics\Project01\Project01_Image_Editing\ImageEditing-master\src\TargaImage.cpp(588,37): warning C4244: '=': 將 'double' 轉換為 'int'，由於類型不同，可能導致資料遺失
C:\Users\lucky\OneDrive\桌面\Univeritty\Junior_First\IntorduceToComputerGraphics\Project01\Project01_Image_Editing\ImageEditing-master\src\TargaImage.cpp(1013,31): warning C4018: '<': signed/unsigned 不相符
C:\Users\lucky\OneDrive\桌面\Univeritty\Junior_First\IntorduceToComputerGraphics\Project01\Project01_Image_Editing\ImageEditing-master\src\TargaImage.cpp(1016,31): warning C4018: '<': signed/unsigned 不相符
C:\Users\lucky\OneDrive\桌面\Univeritty\Junior_First\IntorduceToComputerGraphics\Project01\Project01_Image_Editing\ImageEditing-master\src\TargaImage.cpp(1024,31): warning C4018: '<': signed/unsigned 不相符
C:\Users\lucky\OneDrive\桌面\Univeritty\Junior_First\IntorduceToComputerGraphics\Project01\Project01_Image_Editing\ImageEditing-master\src\TargaImage.cpp(1036,31): warning C4018: '<': signed/unsigned 不相符
C:\Users\lucky\OneDrive\桌面\Univeritty\Junior_First\IntorduceToComputerGraphics\Project01\Project01_Image_Editing\ImageEditing-master\src\TargaImage.cpp(1040,31): warning C4018: '<': signed/unsigned 不相符
C:\Users\lucky\OneDrive\桌面\Univeritty\Junior_First\IntorduceToComputerGraphics\Project01\Project01_Image_Editing\ImageEditing-master\src\TargaImage.cpp(1041,35): warning C4018: '<': signed/unsigned 不相符
C:\Users\lucky\OneDrive\桌面\Univeritty\Junior_First\IntorduceToComputerGraphics\Project01\Project01_Image_Editing\ImageEditing-master\src\TargaImage.cpp(1048,31): warning C4018: '<': signed/unsigned 不相符
C:\Users\lucky\OneDrive\桌面\Univeritty\Junior_First\IntorduceToComputerGraphics\Project01\Project01_Image_Editing\ImageEditing-master\src\TargaImage.cpp(1055,27): warning C4018: '<': signed/unsigned 不相符
C:\Users\lucky\OneDrive\桌面\Univeritty\Junior_First\IntorduceToComputerGraphics\Project01\Project01_Image_Editing\ImageEditing-master\src\TargaImage.cpp(1595,57): warning C4244: '=': 將 'long double' 轉換為 'unsigned char'，由於類型不同，可能導致資料遺失
  ImageEditing.vcxproj -> C:\Users\lucky\OneDrive\桌面\Univeritty\Junior_First\IntorduceToComputerGraphics\Project01\Project01_Image_Editing\ImageEditing-master\build\Debug\ImageEditing.exe
